<?xml version="1.0" encoding="UTF-8"?>
<!-- Generated by org.testng.reporters.JUnitXMLReporter -->
<testsuite hostname="NB27" ignored="1" name="Default test" tests="5" failures="0" timestamp="29 十月 2018 15:54:21 GMT" time="20.692" errors="0">
  <testcase name="testLoginForAllScenarios" time="6.024" classname="com.demo.datadriventests.LoginDataProviderCompleteExcelTest"/>
  <testcase name="testLoginForAllScenarios" time="3.482" classname="com.demo.datadriventests.LoginDataProviderCompleteExcelTest"/>
  <testcase name="testLoginForAllScenarios" time="3.511" classname="com.demo.datadriventests.LoginDataProviderCompleteExcelTest"/>
  <testcase name="testLoginForAllScenarios" time="3.502" classname="com.demo.datadriventests.LoginDataProviderCompleteExcelTest"/>
  <testcase name="testLoginForAllScenarios" time="3.601" classname="com.demo.datadriventests.LoginDataProviderCompleteExcelTest"/>
  <testcase name="readFromExcel" time="0.0" classname="com.demo.datadriventests.LoginDataProviderCompleteExcelTest">
    <ignored/>
  </testcase> <!-- readFromExcel -->
</testsuite> <!-- Default test -->
