<?xml version="1.0" encoding="UTF-8"?>
<!-- Generated by org.testng.reporters.JUnitXMLReporter -->
<testsuite hostname="NB27" ignored="0" name="com-example-tests" tests="2" failures="0" timestamp="26 十月 2018 13:28:09 GMT" time="11.099" errors="0">
  <testcase name="testGoogleSearchForIn28minutes" time="2.623" classname="com.example.tests.GoogleSearchForIn28minutes"/>
  <testcase name="testFacebookLogin" time="5.624" classname="com.example.tests.FacebookLogin"/>
</testsuite> <!-- com-example-tests -->
