<?xml version="1.0" encoding="UTF-8"?>
<!-- Generated by org.testng.reporters.JUnitXMLReporter -->
<testsuite hostname="mart-nb" ignored="1" name="Default test" tests="1" failures="0" timestamp="31 十月 2018 07:57:50 GMT" time="8.161" errors="0">
  <testcase name="updateTodo" time="2.17" classname="com.demo.pageobjects.updatedoto.UpdateTodoBasicTest"/>
  <testcase name="loginPageObject" time="0.0" classname="com.demo.pageobjects.updatedoto.UpdateTodoBasicTest">
    <ignored/>
  </testcase> <!-- loginPageObject -->
</testsuite> <!-- Default test -->
