<?xml version="1.0" encoding="UTF-8"?>
<!-- Generated by org.testng.reporters.JUnitXMLReporter -->
<testsuite hostname="NB27" ignored="0" name="ChromeTests" tests="2" failures="0" timestamp="26 十月 2018 15:51:45 GMT" time="4.571" errors="0">
  <testcase name="launchIndexPages" time="0.714" classname="com.demo.selenium.crossborwser.framework.CrossBrowserFrameworkTest"/>
  <testcase name="launchTablesPages" time="0.213" classname="com.demo.selenium.crossborwser.framework.CrossBrowserFrameworkTest"/>
</testsuite> <!-- ChromeTests -->
