<?xml version="1.0" encoding="UTF-8"?>
<!-- Generated by org.testng.reporters.JUnitXMLReporter -->
<testsuite hostname="NB27" ignored="0" name="FirefoxTests" tests="2" failures="0" timestamp="26 十月 2018 15:51:40 GMT" time="7.91" errors="0">
  <testcase name="launchIndexPages" time="0.622" classname="com.demo.selenium.crossborwser.framework.CrossBrowserFrameworkTest"/>
  <testcase name="launchTablesPages" time="0.135" classname="com.demo.selenium.crossborwser.framework.CrossBrowserFrameworkTest"/>
</testsuite> <!-- FirefoxTests -->
